<?xml version="1.0" encoding="UTF-8"?>
<!-- Generated by org.testng.reporters.JUnitReportReporter -->
<testsuite hostname="DESKTOP-V0UN43H" failures="0" tests="1" name="neoStoxtest.MytestNgOutput2UsingListerner" time="33.377" errors="0" timestamp="2022-12-13T19:34:11 IST" skipped="0">
  <testcase classname="neoStoxtest.MytestNgOutput2UsingListerner" name="validateUsername" time="33.377"/>
  <system-out>
    <![CDATA[waiting for
getting actual user name
waiting for
Actual user name is Hi 
Readingusernamefrom property file
TC is passed
Tc Is sucessvalidateUsername]]>
  </system-out>
</testsuite> <!-- neoStoxtest.MytestNgOutput2UsingListerner -->
